<?xml version="1.0" encoding="UTF-8"?>
<!-- Generated by org.testng.reporters.JUnitReportReporter -->
<testsuite hostname="DESKTOP-24DBUAR" failures="0" tests="1" name="Folder1.Samp1" time="0.029" errors="0" timestamp="2023-07-12T10:41:21 IST" skipped="0">
  <testcase classname="Folder1.Samp1" name="m1" time="0.029"/>
  <system-out/>
</testsuite> <!-- Folder1.Samp1 -->
